Arguments: 
  D:\Program Files\nodejs\node.exe C:\Users\Administrator.SC-201909061216\AppData\Roaming\npm\node_modules\yarn\bin\yarn.js add @types/webpack.env -D

PATH: 
  C:\Program Files (x86)\Common Files\Oracle\Java\javapath;C:\Windows\system32;C:\Windows;C:\Windows\System32\Wbem;C:\Windows\System32\WindowsPowerShell\v1.0\;C:\Users\Administrator.SC-201909061216\AppData\Local\Android\Sdk\tools;C:\Users\Administrator.SC-201909061216\AppData\Local\Android\Sdk\platform-tools;D:\Program Files\nodejs\;D:\Program Files\Git\cmd;C:\Program Files\TortoiseSVN\bin;C:\Program Files\TortoiseGit\bin;D:\windows_flutter\flutter\bin;D:\windows_flutter\dart-sdk\bin;C:\Users\Administrator.SC-201909061216\AppData\Local\Microsoft\WindowsApps;C:\Users\Administrator.SC-201909061216\AppData\Roaming\npm;C:\Users\Administrator.SC-201909061216\AppData\Local\Programs\Microsoft VS Code\bin

Yarn version: 
  1.17.3

Node version: 
  10.16.0

Platform: 
  win32 x64

Trace: 
  Error: https://registry.npm.taobao.org/@types%2fwebpack.env: Not found
      at Request.params.callback [as _callback] (C:\Users\Administrator.SC-201909061216\AppData\Roaming\npm\node_modules\yarn\lib\cli.js:66830:18)
      at Request.self.callback (C:\Users\Administrator.SC-201909061216\AppData\Roaming\npm\node_modules\yarn\lib\cli.js:140464:22)
      at Request.emit (events.js:198:13)
      at Request.<anonymous> (C:\Users\Administrator.SC-201909061216\AppData\Roaming\npm\node_modules\yarn\lib\cli.js:141436:10)
      at Request.emit (events.js:198:13)
      at IncomingMessage.<anonymous> (C:\Users\Administrator.SC-201909061216\AppData\Roaming\npm\node_modules\yarn\lib\cli.js:141358:12)
      at Object.onceWrapper (events.js:286:20)
      at IncomingMessage.emit (events.js:203:15)
      at endReadableNT (_stream_readable.js:1129:12)
      at process._tickCallback (internal/process/next_tick.js:63:19)

npm manifest: 
  {
    "name": "zlwj_house",
    "version": "1.0.0",
    "description": "",
    "main": "index.js",
    "scripts": {
      "test": "echo \"Error: no test specified\" && exit 1",
      "dev": "webpack-dev-server --config ./webpack/webpack.config.js"
    },
    "author": "",
    "license": "ISC",
    "devDependencies": {
      "@babel/core": "^7.9.6",
      "babel-loader": "^8.1.0",
      "html-webpack-plugin": "^4.3.0",
      "ts-loader": "^7.0.4",
      "webpack": "^4.43.0",
      "webpack-cli": "^3.3.11",
      "webpack-dev-server": "^3.11.0"
    },
    "dependencies": {
      "@types/jest": "^25.2.2",
      "@types/node": "^14.0.1",
      "@types/react": "^16.9.35",
      "@types/react-dom": "^16.9.8",
      "@types/react-router-dom": "^5.1.5",
      "react": "^16.13.1",
      "react-dom": "^16.13.1",
      "react-router-dom": "^5.2.0",
      "typescript": "^3.9.2"
    }
  }

yarn manifest: 
  No manifest

Lockfile: 
  No lockfile
